[debug] [2025-12-31T06:55:27.947Z] ----------------------------------------------------------------------
[debug] [2025-12-31T06:55:27.949Z] Command:       /usr/local/bin/node /usr/local/bin/firebase init
[debug] [2025-12-31T06:55:27.949Z] CLI Version:   15.1.0
[debug] [2025-12-31T06:55:27.949Z] Platform:      darwin
[debug] [2025-12-31T06:55:27.949Z] Node Version:  v24.11.0
[debug] [2025-12-31T06:55:27.949Z] Time:          Wed Dec 31 2025 11:55:27 GMT+0500 (Казахстан)
[debug] [2025-12-31T06:55:27.949Z] ----------------------------------------------------------------------
[debug] 
[info] 
     ######## #### ########  ######## ########     ###     ######  ########
     ##        ##  ##     ## ##       ##     ##  ##   ##  ##       ##
     ######    ##  ########  ######   ########  #########  ######  ######
     ##        ##  ##    ##  ##       ##     ## ##     ##       ## ##
     ##       #### ##     ## ######## ########  ##     ##  ######  ########

You're about to initialize a Firebase project in this directory:

  /Users/madiberikkazy004/quiz

[debug] [2025-12-31T06:58:20.980Z] ExitPromptError: User force closed the prompt with SIGINT
    at Interface.sigint (/usr/local/lib/node_modules/firebase-tools/node_modules/@inquirer/core/dist/commonjs/lib/create-prompt.js:101:37)
    at Interface.emit (node:events:508:28)
    at [_ttyWrite] [as _ttyWrite] (node:internal/readline/interface:1317:18)
    at ReadStream.onkeypress (node:internal/readline/interface:284:20)
    at ReadStream.emit (node:events:520:35)
    at emitKeys (node:internal/readline/utils:371:14)
    at emitKeys.next (<anonymous>)
    at ReadStream.onData (node:internal/readline/emitKeypressEvents:64:36)
    at ReadStream.emit (node:events:508:28)
    at addChunk (node:internal/streams/readable:559:12)
[error] 
[error] Error: An unexpected error has occurred.
